<?xml version="1.0" encoding="UTF-8"?>
<!-- Generated by org.testng.reporters.JUnitReportReporter -->
<testsuite hostname="ARPGL000231" name="BasicTests.LayerArchitecture" tests="1" failures="0" timestamp="9 Jul 2021 04:32:38 GMT" time="0.009" errors="0">
  <testcase name="layer_architecture" time="0.009" classname="BasicTests.LayerArchitecture"/>
</testsuite> <!-- BasicTests.LayerArchitecture -->
