<?xml version="1.0" encoding="UTF-8"?>
<!-- Generated by org.testng.reporters.JUnitReportReporter -->
<testsuite hostname="ARPGL000231" name="BasicTests.LayerArchitecture" tests="1" failures="0" timestamp="9 Jul 2021 04:34:30 GMT" time="0.007" errors="0">
  <testcase name="layer_architecture" time="0.007" classname="BasicTests.LayerArchitecture"/>
</testsuite> <!-- BasicTests.LayerArchitecture -->
