<?xml version="1.0" encoding="UTF-8"?>
<!-- Generated by org.testng.reporters.JUnitReportReporter -->
<testsuite hostname="ARPGL000231" name="BasicTests.DependencyCheck" tests="1" failures="0" timestamp="9 Jul 2021 04:34:30 GMT" time="0.032" errors="0">
  <testcase name="entity_class_should_not_depend_on_anyone" time="0.032" classname="BasicTests.DependencyCheck"/>
</testsuite> <!-- BasicTests.DependencyCheck -->
